Copyright 1986-2019 Xilinx, Inc. All Rights Reserved.
-----------------------------------------------------------------------------------------------------------------------------------------------
| Tool Version : Vivado v.2019.2 (win64) Build 2708876 Wed Nov  6 21:40:23 MST 2019
| Date         : Tue Jun  8 13:56:45 2021
| Host         : DESKTOP-5RDIS3H running 64-bit major release  (build 9200)
| Command      : report_methodology -file top_methodology_drc_routed.rpt -pb top_methodology_drc_routed.pb -rpx top_methodology_drc_routed.rpx
| Design       : top
| Device       : xc7a100tcsg324-1
| Speed File   : -1
| Design State : Fully Routed
-----------------------------------------------------------------------------------------------------------------------------------------------

Report Methodology

Table of Contents
-----------------
1. REPORT SUMMARY
2. REPORT DETAILS

1. REPORT SUMMARY
-----------------
            Netlist: netlist
          Floorplan: design_1
      Design limits: <entire design considered>
             Max violations: <unlimited>
             Violations found: 60
+-----------+----------+-------------------------------+------------+
| Rule      | Severity | Description                   | Violations |
+-----------+----------+-------------------------------+------------+
| TIMING-18 | Warning  | Missing input or output delay | 12         |
| TIMING-20 | Warning  | Non-clocked latch             | 48         |
+-----------+----------+-------------------------------+------------+

2. REPORT DETAILS
-----------------
TIMING-18#1 Warning
Missing input or output delay  
An input delay is missing on PS2Clk relative to clock(s) sys_clk_pin
Related violations: <none>

TIMING-18#2 Warning
Missing input or output delay  
An input delay is missing on PS2Data relative to clock(s) sys_clk_pin
Related violations: <none>

TIMING-18#3 Warning
Missing input or output delay  
An input delay is missing on reset relative to clock(s) sys_clk_pin
Related violations: <none>

TIMING-18#4 Warning
Missing input or output delay  
An output delay is missing on AN[0] relative to clock(s) sys_clk_pin
Related violations: <none>

TIMING-18#5 Warning
Missing input or output delay  
An output delay is missing on AN[1] relative to clock(s) sys_clk_pin
Related violations: <none>

TIMING-18#6 Warning
Missing input or output delay  
An output delay is missing on AN[2] relative to clock(s) sys_clk_pin
Related violations: <none>

TIMING-18#7 Warning
Missing input or output delay  
An output delay is missing on AN[3] relative to clock(s) sys_clk_pin
Related violations: <none>

TIMING-18#8 Warning
Missing input or output delay  
An output delay is missing on AN[4] relative to clock(s) sys_clk_pin
Related violations: <none>

TIMING-18#9 Warning
Missing input or output delay  
An output delay is missing on AN[5] relative to clock(s) sys_clk_pin
Related violations: <none>

TIMING-18#10 Warning
Missing input or output delay  
An output delay is missing on AN[6] relative to clock(s) sys_clk_pin
Related violations: <none>

TIMING-18#11 Warning
Missing input or output delay  
An output delay is missing on AN[7] relative to clock(s) sys_clk_pin
Related violations: <none>

TIMING-18#12 Warning
Missing input or output delay  
An output delay is missing on AUD_PWM relative to clock(s) sys_clk_pin
Related violations: <none>

TIMING-20#1 Warning
Non-clocked latch  
The latch ktp/note_reg[0] cannot be properly analyzed as its control pin ktp/note_reg[0]/G is not reached by a timing clock
Related violations: <none>

TIMING-20#2 Warning
Non-clocked latch  
The latch ktp/note_reg[1] cannot be properly analyzed as its control pin ktp/note_reg[1]/G is not reached by a timing clock
Related violations: <none>

TIMING-20#3 Warning
Non-clocked latch  
The latch ktp/note_reg[2] cannot be properly analyzed as its control pin ktp/note_reg[2]/G is not reached by a timing clock
Related violations: <none>

TIMING-20#4 Warning
Non-clocked latch  
The latch ktp/note_reg[3] cannot be properly analyzed as its control pin ktp/note_reg[3]/G is not reached by a timing clock
Related violations: <none>

TIMING-20#5 Warning
Non-clocked latch  
The latch ktp/note_reg[4] cannot be properly analyzed as its control pin ktp/note_reg[4]/G is not reached by a timing clock
Related violations: <none>

TIMING-20#6 Warning
Non-clocked latch  
The latch ktp/note_reg[5] cannot be properly analyzed as its control pin ktp/note_reg[5]/G is not reached by a timing clock
Related violations: <none>

TIMING-20#7 Warning
Non-clocked latch  
The latch pianodc/LED_BCD_reg[0] cannot be properly analyzed as its control pin pianodc/LED_BCD_reg[0]/G is not reached by a timing clock
Related violations: <none>

TIMING-20#8 Warning
Non-clocked latch  
The latch pianodc/LED_BCD_reg[1] cannot be properly analyzed as its control pin pianodc/LED_BCD_reg[1]/G is not reached by a timing clock
Related violations: <none>

TIMING-20#9 Warning
Non-clocked latch  
The latch pianodc/LED_BCD_reg[2] cannot be properly analyzed as its control pin pianodc/LED_BCD_reg[2]/G is not reached by a timing clock
Related violations: <none>

TIMING-20#10 Warning
Non-clocked latch  
The latch pianodc/LED_BCD_reg[3] cannot be properly analyzed as its control pin pianodc/LED_BCD_reg[3]/G is not reached by a timing clock
Related violations: <none>

TIMING-20#11 Warning
Non-clocked latch  
The latch pianodc/LED_BCD_reg[4] cannot be properly analyzed as its control pin pianodc/LED_BCD_reg[4]/G is not reached by a timing clock
Related violations: <none>

TIMING-20#12 Warning
Non-clocked latch  
The latch pianodc/music_note_reg[0] cannot be properly analyzed as its control pin pianodc/music_note_reg[0]/G is not reached by a timing clock
Related violations: <none>

TIMING-20#13 Warning
Non-clocked latch  
The latch pianodc/music_note_reg[1] cannot be properly analyzed as its control pin pianodc/music_note_reg[1]/G is not reached by a timing clock
Related violations: <none>

TIMING-20#14 Warning
Non-clocked latch  
The latch pianodc/music_note_reg[2] cannot be properly analyzed as its control pin pianodc/music_note_reg[2]/G is not reached by a timing clock
Related violations: <none>

TIMING-20#15 Warning
Non-clocked latch  
The latch pianodc/music_note_reg[3] cannot be properly analyzed as its control pin pianodc/music_note_reg[3]/G is not reached by a timing clock
Related violations: <none>

TIMING-20#16 Warning
Non-clocked latch  
The latch pianodc/music_note_reg[4] cannot be properly analyzed as its control pin pianodc/music_note_reg[4]/G is not reached by a timing clock
Related violations: <none>

TIMING-20#17 Warning
Non-clocked latch  
The latch pianodc/octave_reg[0] cannot be properly analyzed as its control pin pianodc/octave_reg[0]/G is not reached by a timing clock
Related violations: <none>

TIMING-20#18 Warning
Non-clocked latch  
The latch pianodc/octave_reg[1] cannot be properly analyzed as its control pin pianodc/octave_reg[1]/G is not reached by a timing clock
Related violations: <none>

TIMING-20#19 Warning
Non-clocked latch  
The latch pianodc/octave_reg[2] cannot be properly analyzed as its control pin pianodc/octave_reg[2]/G is not reached by a timing clock
Related violations: <none>

TIMING-20#20 Warning
Non-clocked latch  
The latch pianodc/octave_reg[4] cannot be properly analyzed as its control pin pianodc/octave_reg[4]/G is not reached by a timing clock
Related violations: <none>

TIMING-20#21 Warning
Non-clocked latch  
The latch pianodc/seg_reg[0] cannot be properly analyzed as its control pin pianodc/seg_reg[0]/G is not reached by a timing clock
Related violations: <none>

TIMING-20#22 Warning
Non-clocked latch  
The latch pianodc/seg_reg[1] cannot be properly analyzed as its control pin pianodc/seg_reg[1]/G is not reached by a timing clock
Related violations: <none>

TIMING-20#23 Warning
Non-clocked latch  
The latch pianodc/seg_reg[2] cannot be properly analyzed as its control pin pianodc/seg_reg[2]/G is not reached by a timing clock
Related violations: <none>

TIMING-20#24 Warning
Non-clocked latch  
The latch pianodc/seg_reg[3] cannot be properly analyzed as its control pin pianodc/seg_reg[3]/G is not reached by a timing clock
Related violations: <none>

TIMING-20#25 Warning
Non-clocked latch  
The latch pianodc/seg_reg[4] cannot be properly analyzed as its control pin pianodc/seg_reg[4]/G is not reached by a timing clock
Related violations: <none>

TIMING-20#26 Warning
Non-clocked latch  
The latch pianodc/seg_reg[5] cannot be properly analyzed as its control pin pianodc/seg_reg[5]/G is not reached by a timing clock
Related violations: <none>

TIMING-20#27 Warning
Non-clocked latch  
The latch pianodc/seg_reg[6] cannot be properly analyzed as its control pin pianodc/seg_reg[6]/G is not reached by a timing clock
Related violations: <none>

TIMING-20#28 Warning
Non-clocked latch  
The latch pianodc/symbol_reg[0] cannot be properly analyzed as its control pin pianodc/symbol_reg[0]/G is not reached by a timing clock
Related violations: <none>

TIMING-20#29 Warning
Non-clocked latch  
The latch pianodc/symbol_reg[1] cannot be properly analyzed as its control pin pianodc/symbol_reg[1]/G is not reached by a timing clock
Related violations: <none>

TIMING-20#30 Warning
Non-clocked latch  
The latch pianosc/value_reg[0] cannot be properly analyzed as its control pin pianosc/value_reg[0]/G is not reached by a timing clock
Related violations: <none>

TIMING-20#31 Warning
Non-clocked latch  
The latch pianosc/value_reg[10] cannot be properly analyzed as its control pin pianosc/value_reg[10]/G is not reached by a timing clock
Related violations: <none>

TIMING-20#32 Warning
Non-clocked latch  
The latch pianosc/value_reg[11] cannot be properly analyzed as its control pin pianosc/value_reg[11]/G is not reached by a timing clock
Related violations: <none>

TIMING-20#33 Warning
Non-clocked latch  
The latch pianosc/value_reg[12] cannot be properly analyzed as its control pin pianosc/value_reg[12]/G is not reached by a timing clock
Related violations: <none>

TIMING-20#34 Warning
Non-clocked latch  
The latch pianosc/value_reg[13] cannot be properly analyzed as its control pin pianosc/value_reg[13]/G is not reached by a timing clock
Related violations: <none>

TIMING-20#35 Warning
Non-clocked latch  
The latch pianosc/value_reg[14] cannot be properly analyzed as its control pin pianosc/value_reg[14]/G is not reached by a timing clock
Related violations: <none>

TIMING-20#36 Warning
Non-clocked latch  
The latch pianosc/value_reg[15] cannot be properly analyzed as its control pin pianosc/value_reg[15]/G is not reached by a timing clock
Related violations: <none>

TIMING-20#37 Warning
Non-clocked latch  
The latch pianosc/value_reg[16] cannot be properly analyzed as its control pin pianosc/value_reg[16]/G is not reached by a timing clock
Related violations: <none>

TIMING-20#38 Warning
Non-clocked latch  
The latch pianosc/value_reg[17] cannot be properly analyzed as its control pin pianosc/value_reg[17]/G is not reached by a timing clock
Related violations: <none>

TIMING-20#39 Warning
Non-clocked latch  
The latch pianosc/value_reg[18] cannot be properly analyzed as its control pin pianosc/value_reg[18]/G is not reached by a timing clock
Related violations: <none>

TIMING-20#40 Warning
Non-clocked latch  
The latch pianosc/value_reg[1] cannot be properly analyzed as its control pin pianosc/value_reg[1]/G is not reached by a timing clock
Related violations: <none>

TIMING-20#41 Warning
Non-clocked latch  
The latch pianosc/value_reg[2] cannot be properly analyzed as its control pin pianosc/value_reg[2]/G is not reached by a timing clock
Related violations: <none>

TIMING-20#42 Warning
Non-clocked latch  
The latch pianosc/value_reg[3] cannot be properly analyzed as its control pin pianosc/value_reg[3]/G is not reached by a timing clock
Related violations: <none>

TIMING-20#43 Warning
Non-clocked latch  
The latch pianosc/value_reg[4] cannot be properly analyzed as its control pin pianosc/value_reg[4]/G is not reached by a timing clock
Related violations: <none>

TIMING-20#44 Warning
Non-clocked latch  
The latch pianosc/value_reg[5] cannot be properly analyzed as its control pin pianosc/value_reg[5]/G is not reached by a timing clock
Related violations: <none>

TIMING-20#45 Warning
Non-clocked latch  
The latch pianosc/value_reg[6] cannot be properly analyzed as its control pin pianosc/value_reg[6]/G is not reached by a timing clock
Related violations: <none>

TIMING-20#46 Warning
Non-clocked latch  
The latch pianosc/value_reg[7] cannot be properly analyzed as its control pin pianosc/value_reg[7]/G is not reached by a timing clock
Related violations: <none>

TIMING-20#47 Warning
Non-clocked latch  
The latch pianosc/value_reg[8] cannot be properly analyzed as its control pin pianosc/value_reg[8]/G is not reached by a timing clock
Related violations: <none>

TIMING-20#48 Warning
Non-clocked latch  
The latch pianosc/value_reg[9] cannot be properly analyzed as its control pin pianosc/value_reg[9]/G is not reached by a timing clock
Related violations: <none>


